
> my-gymapi@1.0.0 test
> NODE_OPTIONS='--max-old-space-size=4096' jest src/modules/iam/__tests__/

FAIL src/modules/iam/__tests__/iamAuth.test.ts
  ‚óè Test suite failed to run

    [96msrc/modules/iam/models/users.schema.ts[0m:[93m3[0m:[93m21[0m - [91merror[0m[90m TS2307: [0mCannot find module './counter.schema' or its corresponding type declarations.

    [7m3[0m import Counter from "./counter.schema";
    [7m [0m [91m                    ~~~~~~~~~~~~~~~~~~[0m

FAIL src/modules/iam/__tests__/iamUser.test.ts
  ‚óè Test suite failed to run

    [96msrc/modules/iam/controllers/userController.ts[0m:[93m7[0m:[93m20[0m - [91merror[0m[90m TS2307: [0mCannot find module '@iam/models/schools.schema' or its corresponding type declarations.

    [7m7[0m import School from "@iam/models/schools.schema";
    [7m [0m [91m                   ~~~~~~~~~~~~~~~~~~~~~~~~~~~~[0m

FAIL src/modules/iam/__tests__/iamRole.test.ts
  ‚óè Test suite failed to run

    [96msrc/modules/iam/__tests__/iamRole.test.ts[0m:[93m2[0m:[93m8[0m - [91merror[0m[90m TS1192: [0mModule '"/Users/sivakrishnavegi/Desktop/code/my-gymapi/src/modules/iam/models/roles.schema"' has no default export.

    [7m2[0m import Role from "@iam/models/roles.schema";
    [7m [0m [91m       ~~~~[0m

Test Suites: 3 failed, 3 total
Tests:       0 total
Snapshots:   0 total
Time:        14.751 s
Ran all test suites matching src/modules/iam/__tests__/.
